<?xml version="1.0" encoding="UTF-8"?>
<!-- Generated by org.testng.reporters.JUnitReportReporter -->
<testsuite hostname="inbl01lap5851" failures="0" tests="1" name="RestAssuredTestCase.Test_GET" time="1.332" errors="0" timestamp="19 Feb 2022 13:34:42 GMT" skipped="0">
  <testcase classname="RestAssuredTestCase.Test_GET" name="Get_Request" time="1.332"/>
</testsuite> <!-- RestAssuredTestCase.Test_GET -->
