<?xml version="1.0" encoding="UTF-8"?>
<!-- Generated by org.testng.reporters.JUnitReportReporter -->
<testsuite hostname="inbl01lap5851" failures="0" tests="1" name="RestAssuredTestCase.Test_Delete" time="0.672" errors="0" timestamp="19 Feb 2022 02:59:40 GMT" skipped="0">
  <testcase classname="RestAssuredTestCase.Test_Delete" name="PutRequest" time="0.672"/>
</testsuite> <!-- RestAssuredTestCase.Test_Delete -->
