<?xml version="1.0" encoding="UTF-8"?>
<!-- Generated by org.testng.reporters.JUnitReportReporter -->
<testsuite hostname="inbl01lap5851" failures="0" tests="1" name="RestAssuredTestCase.Test_POST" time="2.626" errors="0" timestamp="19 Feb 2022 13:34:42 GMT" skipped="0">
  <testcase classname="RestAssuredTestCase.Test_POST" name="PutRequest" time="2.626"/>
</testsuite> <!-- RestAssuredTestCase.Test_POST -->
